<?xml version="1.0" encoding="UTF-8"?>
<!-- Generated by org.testng.reporters.JUnitReportReporter -->
<testsuite skipped="1" hostname="DESKTOP-EOECCVL" name="org.siuts.Lawsuits" tests="2" failures="0" timestamp="05 Mar 2023 10:17:29 GMT" time="353.794" errors="0">
  <testcase name="lawsuit2" time="353.794" classname="org.siuts.Lawsuits"/>
  <testcase name="Lawsuit" classname="org.siuts.Lawsuits">
    <skipped/>
  </testcase> <!-- Lawsuit -->
</testsuite> <!-- org.siuts.Lawsuits -->
