<?xml version="1.0" encoding="UTF-8"?>
<!-- Generated by org.testng.reporters.JUnitReportReporter -->
<testsuite name="org.Altro.Altro" tests="2" time="43.005" ignored="0" failures="0" timestamp="02 Mar 2023 13:53:20 GMT" skipped="0" hostname="DESKTOP-EOECCVL" errors="0">
  <testcase name="test3" time="32.249" classname="org.Altro.Altro"/>
  <testcase name="test" time="10.756" classname="org.Altro.Altro"/>
</testsuite> <!-- org.Altro.Altro -->
